12-May-2020 18:30:22.538 INFO [main] org.apache.catalina.core.ApplicationContext.log No Spring WebApplicationInitializer types detected on classpath
12-May-2020 18:30:22.543 INFO [main] org.apache.catalina.core.ApplicationContext.log org.tuckey.web.filters.urlrewrite.UrlRewriteFilter INFO: status display disabled
12-May-2020 18:30:22.568 INFO [main] org.apache.catalina.core.ApplicationContext.log org.tuckey.web.filters.urlrewrite.UrlRewriteFilter INFO: loaded (conf ok)
12-May-2020 18:30:22.716 INFO [main] org.apache.catalina.core.ApplicationContext.log Initializing Spring DispatcherServlet 'rdf4j-http-server'
12-May-2020 18:30:26.055 INFO [main] org.apache.catalina.core.ApplicationContext.log ContextListener: contextInitialized()
12-May-2020 18:30:26.056 INFO [main] org.apache.catalina.core.ApplicationContext.log SessionListener: contextInitialized()
12-May-2020 18:30:26.057 INFO [main] org.apache.catalina.core.ApplicationContext.log ContextListener: attributeAdded('StockTicker', 'async.Stockticker@27180b96')
12-May-2020 18:31:04.542 SEVERE [http-nio-8080-exec-3] org.apache.catalina.core.StandardWrapperValve.invoke Servlet.service() for servlet [workbench] in context with path [/rdf4j-workbench] threw exception [No such repository: ESE_OWL] with root cause
	org.eclipse.rdf4j.workbench.exceptions.BadRequestException: No such repository: ESE_OWL
		at org.eclipse.rdf4j.workbench.proxy.WorkbenchServlet.service(WorkbenchServlet.java:191)
		at org.eclipse.rdf4j.workbench.proxy.WorkbenchServlet.handleRequest(WorkbenchServlet.java:126)
		at org.eclipse.rdf4j.workbench.proxy.WorkbenchServlet.service(WorkbenchServlet.java:101)
		at org.eclipse.rdf4j.workbench.proxy.WorkbenchGateway.service(WorkbenchGateway.java:114)
		at org.eclipse.rdf4j.workbench.base.AbstractServlet.service(AbstractServlet.java:125)
		at org.apache.catalina.core.ApplicationFilterChain.internalDoFilter(ApplicationFilterChain.java:231)
		at org.apache.catalina.core.ApplicationFilterChain.doFilter(ApplicationFilterChain.java:166)
		at org.apache.tomcat.websocket.server.WsFilter.doFilter(WsFilter.java:53)
		at org.apache.catalina.core.ApplicationFilterChain.internalDoFilter(ApplicationFilterChain.java:193)
		at org.apache.catalina.core.ApplicationFilterChain.doFilter(ApplicationFilterChain.java:166)
		at org.eclipse.rdf4j.workbench.proxy.CacheFilter.doFilter(CacheFilter.java:61)
		at org.apache.catalina.core.ApplicationFilterChain.internalDoFilter(ApplicationFilterChain.java:193)
		at org.apache.catalina.core.ApplicationFilterChain.doFilter(ApplicationFilterChain.java:166)
		at org.eclipse.rdf4j.workbench.proxy.CookieCacheControlFilter.doFilter(CookieCacheControlFilter.java:53)
		at org.apache.catalina.core.ApplicationFilterChain.internalDoFilter(ApplicationFilterChain.java:193)
		at org.apache.catalina.core.ApplicationFilterChain.doFilter(ApplicationFilterChain.java:166)
		at org.apache.catalina.core.StandardWrapperValve.invoke(StandardWrapperValve.java:202)
		at org.apache.catalina.core.StandardContextValve.invoke(StandardContextValve.java:96)
		at org.apache.catalina.authenticator.AuthenticatorBase.invoke(AuthenticatorBase.java:541)
		at org.apache.catalina.core.StandardHostValve.invoke(StandardHostValve.java:139)
		at org.apache.catalina.valves.ErrorReportValve.invoke(ErrorReportValve.java:92)
		at org.apache.catalina.valves.AbstractAccessLogValve.invoke(AbstractAccessLogValve.java:690)
		at org.apache.catalina.core.StandardEngineValve.invoke(StandardEngineValve.java:74)
		at org.apache.catalina.connector.CoyoteAdapter.service(CoyoteAdapter.java:343)
		at org.apache.coyote.http11.Http11Processor.service(Http11Processor.java:373)
		at org.apache.coyote.AbstractProcessorLight.process(AbstractProcessorLight.java:65)
		at org.apache.coyote.AbstractProtocol$ConnectionHandler.process(AbstractProtocol.java:868)
		at org.apache.tomcat.util.net.NioEndpoint$SocketProcessor.doRun(NioEndpoint.java:1590)
		at org.apache.tomcat.util.net.SocketProcessorBase.run(SocketProcessorBase.java:49)
		at java.util.concurrent.ThreadPoolExecutor.runWorker(ThreadPoolExecutor.java:1149)
		at java.util.concurrent.ThreadPoolExecutor$Worker.run(ThreadPoolExecutor.java:624)
		at org.apache.tomcat.util.threads.TaskThread$WrappingRunnable.run(TaskThread.java:61)
		at java.lang.Thread.run(Thread.java:748)
12-May-2020 18:35:54.588 SEVERE [http-nio-8080-exec-8] org.apache.catalina.core.StandardWrapperValve.invoke Servlet.service() for servlet [workbench] in context with path [/rdf4j-workbench] threw exception [org.eclipse.rdf4j.repository.config.RepositoryConfigException: ESE_OWL does not exist.] with root cause
	org.eclipse.rdf4j.repository.config.RepositoryConfigException: ESE_OWL does not exist.
		at org.eclipse.rdf4j.workbench.commands.InfoServlet.service(InfoServlet.java:47)
		at org.eclipse.rdf4j.workbench.base.TransformationServlet.service(TransformationServlet.java:96)
		at org.eclipse.rdf4j.workbench.base.AbstractServlet.service(AbstractServlet.java:125)
		at org.eclipse.rdf4j.workbench.proxy.ProxyRepositoryServlet.service(ProxyRepositoryServlet.java:95)
		at org.eclipse.rdf4j.workbench.proxy.WorkbenchServlet.service(WorkbenchServlet.java:184)
		at org.eclipse.rdf4j.workbench.proxy.WorkbenchServlet.handleRequest(WorkbenchServlet.java:126)
		at org.eclipse.rdf4j.workbench.proxy.WorkbenchServlet.service(WorkbenchServlet.java:101)
		at org.eclipse.rdf4j.workbench.proxy.WorkbenchGateway.service(WorkbenchGateway.java:114)
		at org.eclipse.rdf4j.workbench.base.AbstractServlet.service(AbstractServlet.java:125)
		at org.apache.catalina.core.ApplicationFilterChain.internalDoFilter(ApplicationFilterChain.java:231)
		at org.apache.catalina.core.ApplicationFilterChain.doFilter(ApplicationFilterChain.java:166)
		at org.apache.tomcat.websocket.server.WsFilter.doFilter(WsFilter.java:53)
		at org.apache.catalina.core.ApplicationFilterChain.internalDoFilter(ApplicationFilterChain.java:193)
		at org.apache.catalina.core.ApplicationFilterChain.doFilter(ApplicationFilterChain.java:166)
		at org.eclipse.rdf4j.workbench.proxy.CacheFilter.doFilter(CacheFilter.java:61)
		at org.apache.catalina.core.ApplicationFilterChain.internalDoFilter(ApplicationFilterChain.java:193)
		at org.apache.catalina.core.ApplicationFilterChain.doFilter(ApplicationFilterChain.java:166)
		at org.eclipse.rdf4j.workbench.proxy.CookieCacheControlFilter.doFilter(CookieCacheControlFilter.java:53)
		at org.apache.catalina.core.ApplicationFilterChain.internalDoFilter(ApplicationFilterChain.java:193)
		at org.apache.catalina.core.ApplicationFilterChain.doFilter(ApplicationFilterChain.java:166)
		at org.apache.catalina.core.StandardWrapperValve.invoke(StandardWrapperValve.java:202)
		at org.apache.catalina.core.StandardContextValve.invoke(StandardContextValve.java:96)
		at org.apache.catalina.authenticator.AuthenticatorBase.invoke(AuthenticatorBase.java:541)
		at org.apache.catalina.core.StandardHostValve.invoke(StandardHostValve.java:139)
		at org.apache.catalina.valves.ErrorReportValve.invoke(ErrorReportValve.java:92)
		at org.apache.catalina.valves.AbstractAccessLogValve.invoke(AbstractAccessLogValve.java:690)
		at org.apache.catalina.core.StandardEngineValve.invoke(StandardEngineValve.java:74)
		at org.apache.catalina.connector.CoyoteAdapter.service(CoyoteAdapter.java:343)
		at org.apache.coyote.http11.Http11Processor.service(Http11Processor.java:373)
		at org.apache.coyote.AbstractProcessorLight.process(AbstractProcessorLight.java:65)
		at org.apache.coyote.AbstractProtocol$ConnectionHandler.process(AbstractProtocol.java:868)
		at org.apache.tomcat.util.net.NioEndpoint$SocketProcessor.doRun(NioEndpoint.java:1590)
		at org.apache.tomcat.util.net.SocketProcessorBase.run(SocketProcessorBase.java:49)
		at java.util.concurrent.ThreadPoolExecutor.runWorker(ThreadPoolExecutor.java:1149)
		at java.util.concurrent.ThreadPoolExecutor$Worker.run(ThreadPoolExecutor.java:624)
		at org.apache.tomcat.util.threads.TaskThread$WrappingRunnable.run(TaskThread.java:61)
		at java.lang.Thread.run(Thread.java:748)
